This file contains any messages produced by compilers while
running configure, to aid debugging if configure makes a mistake.

It was created by configure, which was
generated by GNU Autoconf 2.59.  Invocation command line was

  $ ./configure 

## --------- ##
## Platform. ##
## --------- ##

hostname = ip-134-53-64-196.dhcp.muohio.edu
uname -m = i386
uname -r = 8.9.1
uname -s = Darwin
uname -v = Darwin Kernel Version 8.9.1: Thu Feb 22 20:55:00 PST 2007; root:xnu-792.18.15~1/RELEASE_I386

/usr/bin/uname -p = i386
/bin/uname -X     = unknown

/bin/arch              = unknown
/usr/bin/arch -k       = unknown
/usr/convex/getsysinfo = unknown
hostinfo               = Mach kernel version:
	 Darwin Kernel Version 8.9.1: Thu Feb 22 20:55:00 PST 2007; root:xnu-792.18.15~1/RELEASE_I386
Kernel configured for up to 2 processors.
2 processors are physically available.
2 processors are logically available.
Processor type: i486 (Intel 80486)
Processors active: 0 1
Primary memory available: 1.00 gigabytes
Default processor set: 71 tasks, 301 threads, 2 processors
Load average: 0.41, Mach factor: 1.60
/bin/machine           = unknown
/usr/bin/oslevel       = unknown
/bin/universe          = unknown

PATH: /usr/bin
PATH: /bin
PATH: /usr/sbin
PATH: /sbin
PATH: /usr/local/bin
PATH: /opt/local/bin
PATH: /Users/giams/bin
PATH: /usr/X11R6/bin
PATH: /opt/local/bin
PATH: /Users/giams/bin


## ----------- ##
## Core tests. ##
## ----------- ##

configure:1269: checking for a BSD-compatible install
configure:1324: result: /usr/bin/install -c
configure:1335: checking whether build environment is sane
configure:1378: result: yes
configure:1411: checking for gawk
configure:1427: found /opt/local/bin/gawk
configure:1437: result: gawk
configure:1447: checking whether make sets $(MAKE)
configure:1467: result: yes
configure:1651: checking for xemacs
configure:1678: result: emacs
configure:1704: checking for emacs
configure:1730: result: emacs
configure:1743: checking where .elc files should go
configure:1753: $EMACS -batch -q -eval '(while load-path (princ (concat (car load-path) "\n")) (setq load-path (cdr load-path)))' </dev/null >conftest.out
Loading /Applications/Emacs.app/Contents/Resources/site-lisp/site-start.d/auctex.el (source)...
Loading /Applications/Emacs.app/Contents/Resources/site-lisp/site-start.d/carbon-emacs-builtin-aspell.el (source)...
Loading /Applications/Emacs.app/Contents/Resources/site-lisp/site-start.d/carbon-emacs-japanese-init.el (source)...
Loading /Applications/Emacs.app/Contents/Resources/site-lisp/site-start.d/carbon-emacs-path.el (source)...
PATH variables are not imported from your shell (/bin/sh).
Loading /Applications/Emacs.app/Contents/Resources/site-lisp/site-start.d/preview-latex.el (source)...
configure:1756: $? = 0
configure:1769: result: ${datadir}/emacs/site-lisp
configure:1780: checking for emacs version
emacs -batch -eval (let ((x (and (boundp 'emacs-major-version) (format "%d.%d" emacs-major-version emacs-minor-version)))) (write-region (if (stringp x) (princ x) (prin1-to-string x)) nil "./conftest-16120"))
Loading /Applications/Emacs.app/Contents/Resources/site-lisp/site-start.d/auctex.el (source)...
Loading /Applications/Emacs.app/Contents/Resources/site-lisp/site-start.d/carbon-emacs-builtin-aspell.el (source)...
Loading /Applications/Emacs.app/Contents/Resources/site-lisp/site-start.d/carbon-emacs-japanese-init.el (source)...
Loading /Applications/Emacs.app/Contents/Resources/site-lisp/site-start.d/carbon-emacs-path.el (source)...
PATH variables are not imported from your shell (/bin/sh).
Loading /Applications/Emacs.app/Contents/Resources/site-lisp/site-start.d/preview-latex.el (source)...
=> 22.0
configure:1811: result: 22.0
configure:1950: creating ./config.status

## ---------------------- ##
## Running config.status. ##
## ---------------------- ##

This file was extended by config.status, which was
generated by GNU Autoconf 2.59.  Invocation command line was

  CONFIG_FILES    = 
  CONFIG_HEADERS  = 
  CONFIG_LINKS    = 
  CONFIG_COMMANDS = 
  $ ./config.status 

on ip-134-53-64-196.dhcp.muohio.edu

config.status:690: creating Makefile

## ---------------- ##
## Cache variables. ##
## ---------------- ##

EMACS_cv_SYS_version=22.0
ac_cv_env_build_alias_set=
ac_cv_env_build_alias_value=
ac_cv_env_host_alias_set=
ac_cv_env_host_alias_value=
ac_cv_env_target_alias_set=
ac_cv_env_target_alias_value=
ac_cv_path_install='/usr/bin/install -c'
ac_cv_prog_AWK=gawk
ac_cv_prog_EMACS=emacs
ac_cv_prog_make_make_set=yes
am_cv_lispdir='${datadir}/emacs/site-lisp'

## ----------------- ##
## Output variables. ##
## ----------------- ##

ACLOCAL='${SHELL} /Users/giams/emacs/modes/mmm-mode-0.4.8/missing --run aclocal-1.7'
AMTAR='${SHELL} /Users/giams/emacs/modes/mmm-mode-0.4.8/missing --run tar'
AUTOCONF='${SHELL} /Users/giams/emacs/modes/mmm-mode-0.4.8/missing --run autoconf'
AUTOHEADER='${SHELL} /Users/giams/emacs/modes/mmm-mode-0.4.8/missing --run autoheader'
AUTOMAKE='${SHELL} /Users/giams/emacs/modes/mmm-mode-0.4.8/missing --run automake-1.7'
AWK='gawk'
CYGPATH_W='echo'
DEFS='-DPACKAGE_NAME=\"\" -DPACKAGE_TARNAME=\"\" -DPACKAGE_VERSION=\"\" -DPACKAGE_STRING=\"\" -DPACKAGE_BUGREPORT=\"\" -DPACKAGE=\"mmm-mode\" -DVERSION=\"0.4.8\" '
ECHO_C=''
ECHO_N='-n'
ECHO_T=''
EMACS='emacs'
EMACS_VERSION='22.0'
INSTALL_DATA='${INSTALL} -m 644'
INSTALL_PROGRAM='${INSTALL}'
INSTALL_SCRIPT='${INSTALL}'
INSTALL_STRIP_PROGRAM='${SHELL} $(install_sh) -c -s'
LIBOBJS=''
LIBS=''
LTLIBOBJS=''
MAKEINFO='${SHELL} /Users/giams/emacs/modes/mmm-mode-0.4.8/missing --run makeinfo'
PACKAGE='mmm-mode'
PACKAGE_BUGREPORT=''
PACKAGE_NAME=''
PACKAGE_STRING=''
PACKAGE_TARNAME=''
PACKAGE_VERSION=''
PATH_SEPARATOR=':'
SET_MAKE=''
SHELL='/bin/sh'
STRIP=''
VERSION='0.4.8'
ac_ct_STRIP=''
am__leading_dot='.'
bindir='${exec_prefix}/bin'
build_alias=''
datadir='${prefix}/share'
exec_prefix='${prefix}'
host_alias=''
includedir='${prefix}/include'
infodir='${prefix}/info'
install_sh='/Users/giams/emacs/modes/mmm-mode-0.4.8/install-sh'
libdir='${exec_prefix}/lib'
libexecdir='${exec_prefix}/libexec'
lispdir='${datadir}/emacs/site-lisp'
localstatedir='${prefix}/var'
mandir='${prefix}/man'
oldincludedir='/usr/include'
prefix='/usr/local'
program_transform_name='s,x,x,'
sbindir='${exec_prefix}/sbin'
sharedstatedir='${prefix}/com'
sysconfdir='${prefix}/etc'
target_alias=''

## ----------- ##
## confdefs.h. ##
## ----------- ##

#define PACKAGE "mmm-mode"
#define PACKAGE_BUGREPORT ""
#define PACKAGE_NAME ""
#define PACKAGE_STRING ""
#define PACKAGE_TARNAME ""
#define PACKAGE_VERSION ""
#define VERSION "0.4.8"

configure: exit 0
